<?xml version="1.0" encoding="UTF-8"?>
<testng-results ignored="0" total="1" passed="1" failed="0" skipped="0">
  <reporter-output>
  </reporter-output>
  <suite started-at="2025-01-30T22:12:45 IST" name="Default suite" finished-at="2025-01-30T22:12:47 IST" duration-ms="2384">
    <groups>
    </groups>
    <test started-at="2025-01-30T22:12:45 IST" name="Default test" finished-at="2025-01-30T22:12:47 IST" duration-ms="2384">
      <class name="Introduction.FirstGETRequest">
        <test-method signature="testCase_FirstGetRequest()[pri:0, instance:Introduction.FirstGETRequest@4218d6a3]" started-at="2025-01-30T22:12:45 IST" name="testCase_FirstGetRequest" finished-at="2025-01-30T22:12:47 IST" duration-ms="2287" status="PASS">
          <reporter-output>
          </reporter-output>
        </test-method> <!-- testCase_FirstGetRequest -->
      </class> <!-- Introduction.FirstGETRequest -->
    </test> <!-- Default test -->
  </suite> <!-- Default suite -->
</testng-results>
